# JRE version: OpenJDK Runtime Environment (11.0.10) (build 11.0.10+0-b96-7249189)
# Java VM: OpenJDK 64-Bit Server VM (11.0.10+0-b96-7249189, mixed mode, tiered, compressed oops, g1 gc, windows-amd64)
Heap:
 garbage-first heap   total 260096K, used 195181K [0x0000000080000000, 0x0000000100000000)
  region size 1024K, 115 young (117760K), 12 survivors (12288K)
 Metaspace       used 109358K, capacity 112457K, committed 112556K, reserved 1146880K
  class space    used 14129K, capacity 15267K, committed 15308K, reserved 1048576K
GC Heap History (20 events):
Event: 20.177 GC heap before
{Heap before GC invocations=3 (full 0):
 garbage-first heap   total 260096K, used 80788K [0x0000000080000000, 0x0000000100000000)
  region size 1024K, 73 young (74752K), 10 survivors (10240K)
 Metaspace       used 26661K, capacity 27267K, committed 27392K, reserved 1073152K
  class space    used 3517K, capacity 3755K, committed 3840K, reserved 1048576K
}
Event: 20.184 GC heap after
{Heap after GC invocations=4 (full 0):
 garbage-first heap   total 260096K, used 19417K [0x0000000080000000, 0x0000000100000000)
  region size 1024K, 3 young (3072K), 3 survivors (3072K)
 Metaspace       used 26661K, capacity 27267K, committed 27392K, reserved 1073152K
  class space    used 3517K, capacity 3755K, committed 3840K, reserved 1048576K
}
Event: 21.601 GC heap before
{Heap before GC invocations=4 (full 0):
 garbage-first heap   total 260096K, used 63449K [0x0000000080000000, 0x0000000100000000)
  region size 1024K, 48 young (49152K), 3 survivors (3072K)
 Metaspace       used 35069K, capacity 35835K, committed 35840K, reserved 1081344K
  class space    used 4543K, capacity 4864K, committed 4864K, reserved 1048576K
}
Event: 21.606 GC heap after
{Heap after GC invocations=5 (full 0):
 garbage-first heap   total 260096K, used 22305K [0x0000000080000000, 0x0000000100000000)
  region size 1024K, 6 young (6144K), 6 survivors (6144K)
 Metaspace       used 35069K, capacity 35835K, committed 35840K, reserved 1081344K
  class space    used 4543K, capacity 4864K, committed 4864K, reserved 1048576K
}
Event: 23.995 GC heap before
{Heap before GC invocations=6 (full 0):
 garbage-first heap   total 260096K, used 135969K [0x0000000080000000, 0x0000000100000000)
  region size 1024K, 114 young (116736K), 6 survivors (6144K)
 Metaspace       used 43952K, capacity 45041K, committed 45260K, reserved 1089536K
  class space    used 5643K, capacity 6003K, committed 6092K, reserved 1048576K
}
Event: 24.006 GC heap after
{Heap after GC invocations=7 (full 0):
 garbage-first heap   total 260096K, used 28679K [0x0000000080000000, 0x0000000100000000)
  region size 1024K, 12 young (12288K), 12 survivors (12288K)
 Metaspace       used 43952K, capacity 45041K, committed 45260K, reserved 1089536K
  class space    used 5643K, capacity 6003K, committed 6092K, reserved 1048576K
}
Event: 38.208 GC heap before
{Heap before GC invocations=7 (full 0):
 garbage-first heap   total 260096K, used 164871K [0x0000000080000000, 0x0000000100000000)
  region size 1024K, 142 young (145408K), 12 survivors (12288K)
 Metaspace       used 57291K, capacity 58796K, committed 59084K, reserved 1099776K
  class space    used 7281K, capacity 7838K, committed 7884K, reserved 1048576K
}
Event: 38.223 GC heap after
{Heap after GC invocations=8 (full 0):
 garbage-first heap   total 260096K, used 43264K [0x0000000080000000, 0x0000000100000000)
  region size 1024K, 17 young (17408K), 17 survivors (17408K)
 Metaspace       used 57291K, capacity 58796K, committed 59084K, reserved 1099776K
  class space    used 7281K, capacity 7838K, committed 7884K, reserved 1048576K
}
Event: 38.469 GC heap before
{Heap before GC invocations=8 (full 0):
 garbage-first heap   total 260096K, used 51456K [0x0000000080000000, 0x0000000100000000)
  region size 1024K, 26 young (26624K), 17 survivors (17408K)
 Metaspace       used 58630K, capacity 60163K, committed 60236K, reserved 1101824K
  class space    used 7443K, capacity 7994K, committed 8012K, reserved 1048576K
}
Event: 38.484 GC heap after
{Heap after GC invocations=9 (full 0):
 garbage-first heap   total 260096K, used 45651K [0x0000000080000000, 0x0000000100000000)
  region size 1024K, 3 young (3072K), 3 survivors (3072K)
 Metaspace       used 58630K, capacity 60163K, committed 60236K, reserved 1101824K
  class space    used 7443K, capacity 7994K, committed 8012K, reserved 1048576K
}
Event: 40.060 GC heap before
{Heap before GC invocations=10 (full 0):
 garbage-first heap   total 260096K, used 173651K [0x0000000080000000, 0x0000000100000000)
  region size 1024K, 128 young (131072K), 3 survivors (3072K)
 Metaspace       used 69548K, capacity 71215K, committed 71372K, reserved 1112064K
  class space    used 9033K, capacity 9625K, committed 9676K, reserved 1048576K
}
Event: 40.069 GC heap after
{Heap after GC invocations=11 (full 0):
 garbage-first heap   total 260096K, used 53527K [0x0000000080000000, 0x0000000100000000)
  region size 1024K, 11 young (11264K), 11 survivors (11264K)
 Metaspace       used 69548K, capacity 71215K, committed 71372K, reserved 1112064K
  class space    used 9033K, capacity 9625K, committed 9676K, reserved 1048576K
}
Event: 42.627 GC heap before
{Heap before GC invocations=11 (full 0):
 garbage-first heap   total 260096K, used 180503K [0x0000000080000000, 0x0000000100000000)
  region size 1024K, 136 young (139264K), 11 survivors (11264K)
 Metaspace       used 78736K, capacity 80861K, committed 81100K, reserved 1120256K
  class space    used 10342K, capacity 11127K, committed 11212K, reserved 1048576K
}
Event: 42.639 GC heap after
{Heap after GC invocations=12 (full 0):
 garbage-first heap   total 260096K, used 62084K [0x0000000080000000, 0x0000000100000000)
  region size 1024K, 9 young (9216K), 9 survivors (9216K)
 Metaspace       used 78736K, capacity 80861K, committed 81100K, reserved 1120256K
  class space    used 10342K, capacity 11127K, committed 11212K, reserved 1048576K
}
Event: 45.665 GC heap before
{Heap before GC invocations=12 (full 0):
 garbage-first heap   total 260096K, used 206468K [0x0000000080000000, 0x0000000100000000)
  region size 1024K, 134 young (137216K), 9 survivors (9216K)
 Metaspace       used 86277K, capacity 88631K, committed 88908K, reserved 1126400K
  class space    used 11179K, capacity 12016K, committed 12108K, reserved 1048576K
}
Event: 45.674 GC heap after
{Heap after GC invocations=13 (full 0):
 garbage-first heap   total 260096K, used 64911K [0x0000000080000000, 0x0000000100000000)
  region size 1024K, 12 young (12288K), 12 survivors (12288K)
 Metaspace       used 86277K, capacity 88631K, committed 88908K, reserved 1126400K
  class space    used 11179K, capacity 12016K, committed 12108K, reserved 1048576K
}
Event: 55.955 GC heap before
{Heap before GC invocations=13 (full 0):
 garbage-first heap   total 260096K, used 195983K [0x0000000080000000, 0x0000000100000000)
  region size 1024K, 140 young (143360K), 12 survivors (12288K)
 Metaspace       used 89686K, capacity 92089K, committed 92236K, reserved 1128448K
  class space    used 11484K, capacity 12349K, committed 12364K, reserved 1048576K
}
Event: 55.979 GC heap after
{Heap after GC invocations=14 (full 0):
 garbage-first heap   total 260096K, used 78388K [0x0000000080000000, 0x0000000100000000)
  region size 1024K, 18 young (18432K), 18 survivors (18432K)
 Metaspace       used 89686K, capacity 92089K, committed 92236K, reserved 1128448K
  class space    used 11484K, capacity 12349K, committed 12364K, reserved 1048576K
}
Event: 63.622 GC heap before
{Heap before GC invocations=14 (full 0):
 garbage-first heap   total 260096K, used 191028K [0x0000000080000000, 0x0000000100000000)
  region size 1024K, 128 young (131072K), 18 survivors (18432K)
 Metaspace       used 98392K, capacity 100937K, committed 101036K, reserved 1136640K
  class space    used 12542K, capacity 13445K, committed 13516K, reserved 1048576K
}
Event: 63.656 GC heap after
{Heap after GC invocations=15 (full 0):
 garbage-first heap   total 260096K, used 89709K [0x0000000080000000, 0x0000000100000000)
  region size 1024K, 12 young (12288K), 12 survivors (12288K)
 Metaspace       used 98392K, capacity 100937K, committed 101036K, reserved 1136640K
  class space    used 12542K, capacity 13445K, committed 13516K, reserved 1048576K
}

